
false

false

false

false

false

false

false

false
1
false
10
false
100
false
1001
{"barcode":"1001","p_name":"Bulad","price":10}
100
false
10
false
1
false
1
false
10
false
100
false
1002
{"barcode":"1002","p_name":"Mantika","price":30}
100
false
1001
{"barcode":"1001","p_name":"Bulad","price":10}
100
false
1001
{"barcode":"1001","p_name":"Bulad","price":10}
100
false
1001
{"barcode":"1001","p_name":"Bulad","price":10}
100
false
1001
{"barcode":"1001","p_name":"Bulad","price":10}
100
false
1001
{"barcode":"1001","p_name":"Bulad","price":10}
100
false
1001
{"barcode":"1001","p_name":"Bulad","price":10}
100
false
1001
{"barcode":"1001","p_name":"Bulad","price":10}
100
false
1001
{"barcode":"1001","p_name":"Bulad","price":10}
100
false
1001
{"barcode":"1001","p_name":"Bulad","price":10}
1
false
10
false
100
false
1001
{"barcode":"1001","p_name":"Bulad","price":10}
10011
false
100110
false
1001100
false
10011001
false
1001100
false
100110
false
10011
false
1001
{"barcode":"1001","p_name":"Bulad","price":10}
10012
false
1001
{"barcode":"1001","p_name":"Bulad","price":10}
100
false
1002
{"barcode":"1002","p_name":"Mantika","price":30}
1
false
10
false
100
false
1001
{"barcode":"1001","p_name":"Bulad","price":10}
100
false
10
false
1
false
1
false
10
false
100
false
1001
{"barcode":"1001","p_name":"Bulad","price":10}
100
false
1002
{"barcode":"1002","p_name":"Mantika","price":30}
100
false
1003
{"barcode":"1003","p_name":"Noodles","price":20}
100
false
1002
{"barcode":"1002","p_name":"Mantika","price":30}
100
false
1002
{"barcode":"1002","p_name":"Mantika","price":30}
100
false
1002
{"barcode":"1002","p_name":"Mantika","price":30}
100
false
10
false
1
false
1
false
10
false
100
false
1001
{"barcode":"1001","p_name":"Bulad","price":10}
1001
{"barcode":"1001","p_name":"Bulad","price":10}
1001
{"barcode":"1001","p_name":"Bulad","price":10}
1001
{"barcode":"1001","p_name":"Bulad","price":10}
1001
{"barcode":"1001","p_name":"Bulad","price":10}
1001
{"barcode":"1001","p_name":"Bulad","price":10}
1001
{"barcode":"1001","p_name":"Bulad","price":10}
1001
{"barcode":"1001","p_name":"Bulad","price":10}
1001
{"barcode":"1001","p_name":"Bulad","price":10}
1002
{"barcode":"1002","p_name":"Mantika","price":30}
1001
{"barcode":"1001","p_name":"Bulad","price":10}
1001
{"barcode":"1001","p_name":"Bulad","price":10}
1001
{"barcode":"1001","p_name":"Bulad","price":10}
1002
{"barcode":"1002","p_name":"Mantika","price":30}
200
false
1001
{"barcode":"1001","p_name":"Bulad","price":10}
1001
{"barcode":"1001","p_name":"Bulad","price":10}
1001
{"barcode":"1001","p_name":"Bulad","price":10}
1002
{"barcode":"1002","p_name":"Mantika","price":30}
1001
{"barcode":"1001","p_name":"Bulad","price":10}
1003
{"barcode":"1003","p_name":"Noodles","price":20}
1001
{"barcode":"1001","p_name":"Bulad","price":10}
1001
{"barcode":"1001","p_name":"Bulad","price":10}
1001
{"barcode":"1001","p_name":"Bulad","price":10}
1001
{"barcode":"1001","p_name":"Bulad","price":10}
1001
{"barcode":"1001","p_name":"Bulad","price":10}
1002
{"barcode":"1002","p_name":"Mantika","price":30}
1001
{"barcode":"1001","p_name":"Bulad","price":10}
1001
{"barcode":"1001","p_name":"Bulad","price":10}
1002
{"barcode":"1002","p_name":"Mantika","price":30}
1001
{"barcode":"1001","p_name":"Bulad","price":10}
1001
{"barcode":"1001","p_name":"Bulad","price":10}
1002
{"barcode":"1002","p_name":"Mantika","price":30}
1001
{"barcode":"1001","p_name":"Bulad","price":10}
1001
{"barcode":"1001","p_name":"Bulad","price":10}
1001
{"barcode":"1001","p_name":"Bulad","price":10}
1001
{"barcode":"1001","p_name":"Bulad","price":10}
1001
{"barcode":"1001","p_name":"Bulad","price":10}
1001
{"barcode":"1001","p_name":"Bulad","price":10}

false

false
1001
{"barcode":"1001","p_name":"Bulad","price":10}
1002
{"barcode":"1002","p_name":"Mantika","price":30}
1001
{"barcode":"1001","p_name":"Bulad","price":10}
1002
{"barcode":"1002","p_name":"Mantika","price":30}
1002
{"barcode":"1002","p_name":"Mantika","price":30}
1003
{"barcode":"1003","p_name":"Noodles","price":20}
1002
{"barcode":"1002","p_name":"Mantika","price":30}
1001
{"barcode":"1001","p_name":"Bulad","price":10}
10002
false
1002
{"barcode":"1002","p_name":"Mantika","price":30}
1001
{"barcode":"1001","p_name":"Bulad","price":10}
1003
{"barcode":"1003","p_name":"Noodles","price":20}
1001
{"barcode":"1001","p_name":"Bulad","price":10}
1002
{"barcode":"1002","p_name":"Mantika","price":30}
1001
{"barcode":"1001","p_name":"Bulad","price":10}
1001
{"barcode":"1001","p_name":"Bulad","price":10}
1001
{"barcode":"1001","p_name":"Bulad","price":10}
1001
{"barcode":"1001","p_name":"Bulad","price":10}
1001
{"barcode":"1001","p_name":"Bulad","price":10}
1002
{"barcode":"1002","p_name":"Mantika","price":30}
1002
{"barcode":"1002","p_name":"Mantika","price":30}
1001
{"barcode":"1001","p_name":"Bulad","price":10}
1001
{"barcode":"1001","p_name":"Bulad","price":10}
1001
{"barcode":"1001","p_name":"Bulad","price":10}
1002
{"barcode":"1002","p_name":"Mantika","price":30}
1001
{"barcode":"1001","p_name":"Bulad","price":10}
1001
{"barcode":"1001","p_name":"Bulad","price":10}
1001
{"barcode":"1001","p_name":"Bulad","price":10}
1001
{"barcode":"1001","p_name":"Bulad","price":10}
1001
{"barcode":"1001","p_name":"Bulad","price":10}
1001
{"barcode":"1001","p_name":"Bulad","price":10}
1001
{"barcode":"1001","p_name":"Bulad","price":10}
1002
{"barcode":"1002","p_name":"Mantika","price":30}
1002
{"barcode":"1002","p_name":"Mantika","price":30}
1002
{"barcode":"1002","p_name":"Mantika","price":30}
1001
{"barcode":"1001","p_name":"Bulad","price":10}
1001
{"barcode":"1001","p_name":"Bulad","price":10}
1002
{"barcode":"1002","p_name":"Mantika","price":30}
1001
{"barcode":"1001","p_name":"Bulad","price":10}
1001
{"barcode":"1001","p_name":"Bulad","price":10}
1002
{"barcode":"1002","p_name":"Mantika","price":30}
